<?xml version="1.0" encoding="UTF-8"?>
<testng-results skipped="0" failed="0" ignored="2" total="4" passed="2">
  <reporter-output>
  </reporter-output>
  <suite name="Suite" duration-ms="43" started-at="2019-02-04T06:58:28Z" finished-at="2019-02-04T06:58:28Z">
    <groups>
    </groups>
    <test name="Test" duration-ms="43" started-at="2019-02-04T06:58:28Z" finished-at="2019-02-04T06:58:28Z">
      <class name="PracticeClass">
        <test-method status="PASS" signature="test3()[pri:0, instance:PracticeClass@69d9c55]" name="test3" duration-ms="13" started-at="2019-02-04T12:28:28Z" finished-at="2019-02-04T12:28:28Z">
          <reporter-output>
          </reporter-output>
        </test-method> <!-- test3 -->
        <test-method status="PASS" signature="test1()[pri:0, instance:PracticeClass@69d9c55]" name="test1" duration-ms="13" started-at="2019-02-04T12:28:28Z" finished-at="2019-02-04T12:28:28Z">
          <reporter-output>
          </reporter-output>
        </test-method> <!-- test1 -->
      </class> <!-- PracticeClass -->
    </test> <!-- Test -->
  </suite> <!-- Suite -->
</testng-results>
