<?xml version="1.0" encoding="UTF-8"?>
<!-- Generated by org.testng.reporters.JUnitXMLReporter -->
<testsuite hostname="PF0AP3ZD" ignored="2" tests="2" failures="0" timestamp="04 Feb 2019 06:58:28 GMT" time="0.043" errors="0">
  <testcase name="test1" time="0.013" classname="PracticeClass"/>
  <testcase name="test3" time="0.013" classname="PracticeClass"/>
  <testcase name="test2" time="0.0" classname="PracticeClass">
    <ignored/>
  </testcase> <!-- test2 -->
  <testcase name="test41" time="0.0" classname="PracticeClass">
    <ignored/>
  </testcase> <!-- test41 -->
</testsuite>
